<?xml version="1.0" encoding="UTF-8"?>
<testng-results ignored="0" total="5" passed="4" failed="1" skipped="0">
  <reporter-output>
  </reporter-output>
  <suite started-at="2022-08-22T13:16:54 PDT" name="com.test" finished-at="2022-08-22T13:17:29 PDT" duration-ms="34862">
    <groups>
    </groups>
    <test started-at="2022-08-22T13:16:54 PDT" name="Test" finished-at="2022-08-22T13:17:12 PDT" duration-ms="18153">
      <class name="com.test.MultiTest">
        <test-method is-config="true" signature="Initalization()[pri:0, instance:com.test.MultiTest@bae7dc0]" started-at="2022-08-22T13:16:54 PDT" name="Initalization" finished-at="2022-08-22T13:17:00 PDT" duration-ms="5937" status="PASS">
          <reporter-output>
          </reporter-output>
        </test-method> <!-- Initalization -->
        <test-method signature="SelectDropDown()[pri:0, instance:com.test.MultiTest@bae7dc0]" started-at="2022-08-22T13:17:00 PDT" name="SelectDropDown" finished-at="2022-08-22T13:17:00 PDT" duration-ms="235" status="PASS">
          <reporter-output>
          </reporter-output>
        </test-method> <!-- SelectDropDown -->
        <test-method signature="AdvanceDropDown()[pri:0, instance:com.test.MultiTest@bae7dc0]" started-at="2022-08-22T13:17:00 PDT" name="AdvanceDropDown" finished-at="2022-08-22T13:17:05 PDT" depends-on-methods="com.test.MultiTest.SelectDropDown" duration-ms="5116" status="PASS">
          <reporter-output>
          </reporter-output>
        </test-method> <!-- AdvanceDropDown -->
        <test-method is-config="true" signature="Cleanup()[pri:0, instance:com.test.MultiTest@bae7dc0]" started-at="2022-08-22T13:17:05 PDT" name="Cleanup" finished-at="2022-08-22T13:17:05 PDT" duration-ms="189" status="PASS">
          <reporter-output>
          </reporter-output>
        </test-method> <!-- Cleanup -->
      </class> <!-- com.test.MultiTest -->
      <class name="com.test.MouseHavering">
        <test-method is-config="true" signature="setup()[pri:0, instance:com.test.MouseHavering@c88a337]" started-at="2022-08-22T13:16:54 PDT" name="setup" finished-at="2022-08-22T13:16:54 PDT" duration-ms="0" status="PASS">
          <reporter-output>
          </reporter-output>
        </test-method> <!-- setup -->
        <test-method signature="Hovering()[pri:0, instance:com.test.MouseHavering@c88a337]" started-at="2022-08-22T13:17:05 PDT" name="Hovering" finished-at="2022-08-22T13:17:12 PDT" duration-ms="6619" status="FAIL">
          <exception class="org.openqa.selenium.ElementNotInteractableException">
            <message>
              <![CDATA[element not interactable
  (Session info: chrome=104.0.5112.82)
Build info: version: '4.3.0', revision: 'a4995e2c09*'
System info: host: 'DESKTOP-3RT01RQ', ip: '10.0.0.203', os.name: 'Windows 10', os.arch: 'amd64', os.version: '10.0', java.version: '17.0.1'
Driver info: org.openqa.selenium.chrome.ChromeDriver
Command: [3173674352d862284f109e26606c1a95, clickElement {id=b618d983-de88-4ae9-b8e3-129c147eaf92}]
Capabilities {acceptInsecureCerts: false, browserName: chrome, browserVersion: 104.0.5112.82, chrome: {chromedriverVersion: 103.0.5060.134 (8ec6fce403b..., userDataDir: C:\Users\parde\AppData\Loca...}, goog:chromeOptions: {debuggerAddress: localhost:50293}, networkConnectionEnabled: false, pageLoadStrategy: normal, platformName: WINDOWS, proxy: Proxy(), se:cdp: ws://localhost:50293/devtoo..., se:cdpVersion: 104.0.5112.82, setWindowRect: true, strictFileInteractability: false, timeouts: {implicit: 0, pageLoad: 300000, script: 30000}, unhandledPromptBehavior: dismiss and notify, webauthn:extension:credBlob: true, webauthn:extension:largeBlob: true, webauthn:virtualAuthenticators: true}
Element: [[ChromeDriver: chrome on WINDOWS (3173674352d862284f109e26606c1a95)] -> xpath: //span[text()='Account']]
Session ID: 3173674352d862284f109e26606c1a95]]>
            </message>
            <full-stacktrace>
              <![CDATA[org.openqa.selenium.ElementNotInteractableException: element not interactable
  (Session info: chrome=104.0.5112.82)
Build info: version: '4.3.0', revision: 'a4995e2c09*'
System info: host: 'DESKTOP-3RT01RQ', ip: '10.0.0.203', os.name: 'Windows 10', os.arch: 'amd64', os.version: '10.0', java.version: '17.0.1'
Driver info: org.openqa.selenium.chrome.ChromeDriver
Command: [3173674352d862284f109e26606c1a95, clickElement {id=b618d983-de88-4ae9-b8e3-129c147eaf92}]
Capabilities {acceptInsecureCerts: false, browserName: chrome, browserVersion: 104.0.5112.82, chrome: {chromedriverVersion: 103.0.5060.134 (8ec6fce403b..., userDataDir: C:\Users\parde\AppData\Loca...}, goog:chromeOptions: {debuggerAddress: localhost:50293}, networkConnectionEnabled: false, pageLoadStrategy: normal, platformName: WINDOWS, proxy: Proxy(), se:cdp: ws://localhost:50293/devtoo..., se:cdpVersion: 104.0.5112.82, setWindowRect: true, strictFileInteractability: false, timeouts: {implicit: 0, pageLoad: 300000, script: 30000}, unhandledPromptBehavior: dismiss and notify, webauthn:extension:credBlob: true, webauthn:extension:largeBlob: true, webauthn:virtualAuthenticators: true}
Element: [[ChromeDriver: chrome on WINDOWS (3173674352d862284f109e26606c1a95)] -> xpath: //span[text()='Account']]
Session ID: 3173674352d862284f109e26606c1a95
at java.base/jdk.internal.reflect.NativeConstructorAccessorImpl.newInstance0(Native Method)
at java.base/jdk.internal.reflect.NativeConstructorAccessorImpl.newInstance(NativeConstructorAccessorImpl.java:77)
at java.base/jdk.internal.reflect.DelegatingConstructorAccessorImpl.newInstance(DelegatingConstructorAccessorImpl.java:45)
at java.base/java.lang.reflect.Constructor.newInstanceWithCaller(Constructor.java:499)
at java.base/java.lang.reflect.Constructor.newInstance(Constructor.java:480)
at org.openqa.selenium.remote.codec.w3c.W3CHttpResponseCodec.createException(W3CHttpResponseCodec.java:200)
at org.openqa.selenium.remote.codec.w3c.W3CHttpResponseCodec.decode(W3CHttpResponseCodec.java:133)
at org.openqa.selenium.remote.codec.w3c.W3CHttpResponseCodec.decode(W3CHttpResponseCodec.java:53)
at org.openqa.selenium.remote.HttpCommandExecutor.execute(HttpCommandExecutor.java:184)
at org.openqa.selenium.remote.service.DriverCommandExecutor.invokeExecute(DriverCommandExecutor.java:167)
at org.openqa.selenium.remote.service.DriverCommandExecutor.execute(DriverCommandExecutor.java:142)
at org.openqa.selenium.remote.RemoteWebDriver.execute(RemoteWebDriver.java:569)
at org.openqa.selenium.remote.RemoteWebElement.execute(RemoteWebElement.java:257)
at org.openqa.selenium.remote.RemoteWebElement.click(RemoteWebElement.java:78)
at com.test.MouseHavering.Hovering(MouseHavering.java:45)
at java.base/jdk.internal.reflect.NativeMethodAccessorImpl.invoke0(Native Method)
at java.base/jdk.internal.reflect.NativeMethodAccessorImpl.invoke(NativeMethodAccessorImpl.java:77)
at java.base/jdk.internal.reflect.DelegatingMethodAccessorImpl.invoke(DelegatingMethodAccessorImpl.java:43)
at java.base/java.lang.reflect.Method.invoke(Method.java:568)
at org.testng.internal.MethodInvocationHelper.invokeMethod(MethodInvocationHelper.java:133)
at org.testng.internal.TestInvoker.invokeMethod(TestInvoker.java:598)
at org.testng.internal.TestInvoker.invokeTestMethod(TestInvoker.java:173)
at org.testng.internal.MethodRunner.runInSequence(MethodRunner.java:46)
at org.testng.internal.TestInvoker$MethodInvocationAgent.invoke(TestInvoker.java:824)
at org.testng.internal.TestInvoker.invokeTestMethods(TestInvoker.java:146)
at org.testng.internal.TestMethodWorker.invokeTestMethods(TestMethodWorker.java:146)
at org.testng.internal.TestMethodWorker.run(TestMethodWorker.java:128)
at java.base/java.util.ArrayList.forEach(ArrayList.java:1511)
at org.testng.TestRunner.privateRun(TestRunner.java:794)
at org.testng.TestRunner.run(TestRunner.java:596)
at org.testng.SuiteRunner.runTest(SuiteRunner.java:377)
at org.testng.SuiteRunner.runSequentially(SuiteRunner.java:371)
at org.testng.SuiteRunner.privateRun(SuiteRunner.java:332)
at org.testng.SuiteRunner.run(SuiteRunner.java:276)
at org.testng.SuiteRunnerWorker.runSuite(SuiteRunnerWorker.java:53)
at org.testng.SuiteRunnerWorker.run(SuiteRunnerWorker.java:96)
at org.testng.TestNG.runSuitesSequentially(TestNG.java:1212)
at org.testng.TestNG.runSuitesLocally(TestNG.java:1134)
at org.testng.TestNG.runSuites(TestNG.java:1063)
at org.testng.TestNG.run(TestNG.java:1031)
at org.testng.remote.AbstractRemoteTestNG.run(AbstractRemoteTestNG.java:115)
at org.testng.remote.RemoteTestNG.initAndRun(RemoteTestNG.java:251)
at org.testng.remote.RemoteTestNG.main(RemoteTestNG.java:77)
]]>
            </full-stacktrace>
          </exception> <!-- org.openqa.selenium.ElementNotInteractableException -->
          <reporter-output>
          </reporter-output>
        </test-method> <!-- Hovering -->
        <test-method is-config="true" signature="close()[pri:0, instance:com.test.MouseHavering@c88a337]" started-at="2022-08-22T13:17:12 PDT" name="close" finished-at="2022-08-22T13:17:12 PDT" duration-ms="1" status="PASS">
          <reporter-output>
          </reporter-output>
        </test-method> <!-- close -->
      </class> <!-- com.test.MouseHavering -->
    </test> <!-- Test -->
    <test started-at="2022-08-22T13:17:12 PDT" name="Test1" finished-at="2022-08-22T13:17:29 PDT" duration-ms="16630">
      <class name="com.test1.Amazonlist">
        <test-method is-config="true" signature="suite()[pri:0, instance:com.test1.Amazonlist@3527942a]" started-at="2022-08-22T13:16:54 PDT" name="suite" finished-at="2022-08-22T13:16:54 PDT" duration-ms="6" status="PASS">
          <reporter-output>
          </reporter-output>
        </test-method> <!-- suite -->
        <test-method is-config="true" signature="setup()[pri:0, instance:com.test1.Amazonlist@3527942a]" started-at="2022-08-22T13:17:12 PDT" name="setup" finished-at="2022-08-22T13:17:12 PDT" duration-ms="1" status="PASS">
          <reporter-output>
          </reporter-output>
        </test-method> <!-- setup -->
        <test-method signature="amazonHovering()[pri:0, instance:com.test1.Amazonlist@3527942a]" started-at="2022-08-22T13:17:12 PDT" name="amazonHovering" finished-at="2022-08-22T13:17:16 PDT" duration-ms="4022" status="PASS">
          <reporter-output>
          </reporter-output>
        </test-method> <!-- amazonHovering -->
        <test-method is-config="true" signature="close()[pri:0, instance:com.test1.Amazonlist@3527942a]" started-at="2022-08-22T13:17:29 PDT" name="close" finished-at="2022-08-22T13:17:29 PDT" duration-ms="0" status="PASS">
          <reporter-output>
          </reporter-output>
        </test-method> <!-- close -->
        <test-method is-config="true" signature="suite1()[pri:0, instance:com.test1.Amazonlist@3527942a]" started-at="2022-08-22T13:17:29 PDT" name="suite1" finished-at="2022-08-22T13:17:29 PDT" duration-ms="0" status="PASS">
          <reporter-output>
          </reporter-output>
        </test-method> <!-- suite1 -->
      </class> <!-- com.test1.Amazonlist -->
      <class name="com.test1.Alerthandling">
        <test-method signature="alerts()[pri:0, instance:com.test1.Alerthandling@942a29c]" started-at="2022-08-22T13:17:16 PDT" name="alerts" finished-at="2022-08-22T13:17:29 PDT" duration-ms="12600" status="PASS">
          <reporter-output>
          </reporter-output>
        </test-method> <!-- alerts -->
      </class> <!-- com.test1.Alerthandling -->
    </test> <!-- Test1 -->
  </suite> <!-- com.test -->
</testng-results>
