<?xml version="1.0" encoding="UTF-8"?>
<!-- Generated by org.testng.reporters.JUnitXMLReporter -->
<testsuite ignored="0" hostname="DESKTOP-3RT01RQ" failures="0" tests="3" name="Test" time="25.333" errors="0" timestamp="2022-08-22T13:32:05 PDT">
  <testcase classname="com.test.MultiTest" name="SelectDropDown" time="0.475"/>
  <testcase classname="com.test.MultiTest" name="AdvanceDropDown" time="8.365"/>
  <testcase classname="com.test.MouseHavering" name="Hovering" time="9.816"/>
</testsuite> <!-- Test -->
