<?xml version="1.0" encoding="UTF-8"?>
<!-- Generated by org.testng.reporters.JUnitXMLReporter -->
<testsuite ignored="0" hostname="DESKTOP-3RT01RQ" failures="0" tests="3" name="Test" time="13.829" errors="0" timestamp="2022-08-18T12:25:51 PDT">
  <testcase classname="com.test.MultiTest" name="SelectDropDown" time="0.223"/>
  <testcase classname="com.test.MultiTest" name="AdvanceDropDown" time="2.359"/>
  <testcase classname="com.test.MouseHavering" name="Hovering" time="7.099"/>
</testsuite> <!-- Test -->
