<?xml version="1.0" encoding="UTF-8"?>
<testng-results ignored="0" total="3" passed="3" failed="0" skipped="0">
  <reporter-output>
  </reporter-output>
  <suite started-at="2022-08-22T13:39:50 PDT" name="Suite" finished-at="2022-08-22T13:40:21 PDT" duration-ms="30045">
    <groups>
    </groups>
    <test started-at="2022-08-22T13:39:50 PDT" name="Test" finished-at="2022-08-22T13:40:21 PDT" duration-ms="30045">
      <class name="com.test.MultiTest">
        <test-method is-config="true" signature="initalization()[pri:0, instance:com.test.MultiTest@5e600dd5]" started-at="2022-08-22T13:39:51 PDT" name="initalization" finished-at="2022-08-22T13:39:59 PDT" duration-ms="8378" status="PASS">
          <reporter-output>
          </reporter-output>
        </test-method> <!-- initalization -->
        <test-method signature="SelectDropDown()[pri:0, instance:com.test.MultiTest@5e600dd5]" started-at="2022-08-22T13:39:59 PDT" name="SelectDropDown" finished-at="2022-08-22T13:40:00 PDT" duration-ms="715" status="PASS">
          <reporter-output>
          </reporter-output>
        </test-method> <!-- SelectDropDown -->
        <test-method signature="AdvanceDropDown()[pri:0, instance:com.test.MultiTest@5e600dd5]" started-at="2022-08-22T13:40:00 PDT" name="AdvanceDropDown" finished-at="2022-08-22T13:40:09 PDT" depends-on-methods="com.test.MultiTest.SelectDropDown" duration-ms="9396" status="PASS">
          <reporter-output>
          </reporter-output>
        </test-method> <!-- AdvanceDropDown -->
        <test-method is-config="true" signature="cleanUp()[pri:0, instance:com.test.MultiTest@5e600dd5]" started-at="2022-08-22T13:40:09 PDT" name="cleanUp" finished-at="2022-08-22T13:40:09 PDT" duration-ms="219" status="PASS">
          <reporter-output>
          </reporter-output>
        </test-method> <!-- cleanUp -->
      </class> <!-- com.test.MultiTest -->
      <class name="com.test.MouseHavering">
        <test-method is-config="true" signature="initalization()[pri:0, instance:com.test.MouseHavering@2e6a8155]" started-at="2022-08-22T13:40:09 PDT" name="initalization" finished-at="2022-08-22T13:40:16 PDT" duration-ms="6499" status="PASS">
          <reporter-output>
          </reporter-output>
        </test-method> <!-- initalization -->
        <test-method signature="Hovering()[pri:0, instance:com.test.MouseHavering@2e6a8155]" started-at="2022-08-22T13:40:16 PDT" name="Hovering" finished-at="2022-08-22T13:40:20 PDT" duration-ms="4387" status="PASS">
          <reporter-output>
          </reporter-output>
        </test-method> <!-- Hovering -->
        <test-method is-config="true" signature="cleanUp()[pri:0, instance:com.test.MouseHavering@2e6a8155]" started-at="2022-08-22T13:40:20 PDT" name="cleanUp" finished-at="2022-08-22T13:40:21 PDT" duration-ms="358" status="PASS">
          <reporter-output>
          </reporter-output>
        </test-method> <!-- cleanUp -->
      </class> <!-- com.test.MouseHavering -->
    </test> <!-- Test -->
  </suite> <!-- Suite -->
</testng-results>
