<?xml version="1.0" encoding="UTF-8"?>
<!-- Generated by org.testng.reporters.JUnitXMLReporter -->
<testsuite ignored="0" hostname="DESKTOP-3RT01RQ" failures="0" tests="3" name="Test" time="30.045" errors="0" timestamp="2022-08-22T13:40:21 PDT">
  <testcase classname="com.test.MultiTest" name="SelectDropDown" time="0.715"/>
  <testcase classname="com.test.MultiTest" name="AdvanceDropDown" time="9.396"/>
  <testcase classname="com.test.MouseHavering" name="Hovering" time="4.387"/>
</testsuite> <!-- Test -->
